sunapi386@XPS1645SSD:~/workspace/dotabuff-ripper/src$ ruby grapher.rb 
I, [2013-11-05T03:20:17.297036 #5191]  INFO -- : ScrapeBot initialize
I, [2013-11-05T03:20:17.297166 #5191]  INFO -- : GraphBot run
W, [2013-11-05T03:20:17.323117 #5191]  WARN -- : Neo4j database cleared
I, [2013-11-05T03:20:17.559006 #5191]  INFO -- : Creating node for abaddon
I, [2013-11-05T03:20:18.096376 #5191]  INFO -- : Creating node for alchemist
I, [2013-11-05T03:20:18.581073 #5191]  INFO -- : Creating node for ancient-apparition
I, [2013-11-05T03:20:19.086112 #5191]  INFO -- : Creating node for anti-mage
I, [2013-11-05T03:20:19.573079 #5191]  INFO -- : Creating node for axe
I, [2013-11-05T03:20:20.076938 #5191]  INFO -- : Creating node for bane
I, [2013-11-05T03:20:20.574443 #5191]  INFO -- : Creating node for batrider
I, [2013-11-05T03:20:21.073188 #5191]  INFO -- : Creating node for beastmaster
I, [2013-11-05T03:20:21.596755 #5191]  INFO -- : Creating node for bloodseeker
I, [2013-11-05T03:20:22.254747 #5191]  INFO -- : Creating node for bounty-hunter
I, [2013-11-05T03:20:22.605825 #5191]  INFO -- : Creating node for brewmaster
I, [2013-11-05T03:20:23.075686 #5191]  INFO -- : Creating node for bristleback
I, [2013-11-05T03:20:23.808892 #5191]  INFO -- : Creating node for broodmother
I, [2013-11-05T03:20:24.076377 #5191]  INFO -- : Creating node for centaur-warrunner
I, [2013-11-05T03:20:24.581755 #5191]  INFO -- : Creating node for chaos-knight
I, [2013-11-05T03:20:25.087128 #5191]  INFO -- : Creating node for chen
I, [2013-11-05T03:20:25.576162 #5191]  INFO -- : Creating node for clinkz
I, [2013-11-05T03:20:26.093783 #5191]  INFO -- : Creating node for clockwerk
I, [2013-11-05T03:20:26.568316 #5191]  INFO -- : Creating node for crystal-maiden
I, [2013-11-05T03:20:27.114530 #5191]  INFO -- : Creating node for dark-seer
I, [2013-11-05T03:20:27.603480 #5191]  INFO -- : Creating node for dazzle
I, [2013-11-05T03:20:28.083141 #5191]  INFO -- : Creating node for death-prophet
I, [2013-11-05T03:20:28.638205 #5191]  INFO -- : Creating node for disruptor
I, [2013-11-05T03:20:29.082492 #5191]  INFO -- : Creating node for doom
I, [2013-11-05T03:20:29.578649 #5191]  INFO -- : Creating node for dragon-knight
I, [2013-11-05T03:20:30.073215 #5191]  INFO -- : Creating node for drow-ranger
I, [2013-11-05T03:20:30.603540 #5191]  INFO -- : Creating node for earthshaker
I, [2013-11-05T03:20:31.108974 #5191]  INFO -- : Creating node for elder-titan
I, [2013-11-05T03:20:31.608468 #5191]  INFO -- : Creating node for enchantress
I, [2013-11-05T03:20:32.091895 #5191]  INFO -- : Creating node for enigma
I, [2013-11-05T03:20:32.582378 #5191]  INFO -- : Creating node for faceless-void
I, [2013-11-05T03:20:33.106065 #5191]  INFO -- : Creating node for gyrocopter
I, [2013-11-05T03:20:33.612883 #5191]  INFO -- : Creating node for huskar
I, [2013-11-05T03:20:34.108572 #5191]  INFO -- : Creating node for invoker
I, [2013-11-05T03:20:34.609600 #5191]  INFO -- : Creating node for io
I, [2013-11-05T03:20:35.096165 #5191]  INFO -- : Creating node for jakiro
I, [2013-11-05T03:20:35.633669 #5191]  INFO -- : Creating node for juggernaut
I, [2013-11-05T03:20:36.086373 #5191]  INFO -- : Creating node for keeper-of-the-light
I, [2013-11-05T03:20:36.607330 #5191]  INFO -- : Creating node for kunkka
I, [2013-11-05T03:20:37.104963 #5191]  INFO -- : Creating node for leshrac
I, [2013-11-05T03:20:37.596646 #5191]  INFO -- : Creating node for lich
I, [2013-11-05T03:20:38.194685 #5191]  INFO -- : Creating node for lifestealer
I, [2013-11-05T03:20:38.604432 #5191]  INFO -- : Creating node for lina
I, [2013-11-05T03:20:39.083436 #5191]  INFO -- : Creating node for lion
I, [2013-11-05T03:20:39.589699 #5191]  INFO -- : Creating node for lone-druid
I, [2013-11-05T03:20:40.074702 #5191]  INFO -- : Creating node for luna
I, [2013-11-05T03:20:40.585583 #5191]  INFO -- : Creating node for lycanthrope
I, [2013-11-05T03:20:41.082582 #5191]  INFO -- : Creating node for magnus
I, [2013-11-05T03:20:41.576953 #5191]  INFO -- : Creating node for medusa
I, [2013-11-05T03:20:42.083733 #5191]  INFO -- : Creating node for meepo
I, [2013-11-05T03:20:42.615855 #5191]  INFO -- : Creating node for mirana
I, [2013-11-05T03:20:43.082167 #5191]  INFO -- : Creating node for morphling
I, [2013-11-05T03:20:43.721176 #5191]  INFO -- : Creating node for naga-siren
I, [2013-11-05T03:20:44.076390 #5191]  INFO -- : Creating node for natures-prophet
I, [2013-11-05T03:20:44.567738 #5191]  INFO -- : Creating node for necrolyte
I, [2013-11-05T03:20:45.089561 #5191]  INFO -- : Creating node for night-stalker
I, [2013-11-05T03:20:45.578892 #5191]  INFO -- : Creating node for nyx-assassin
I, [2013-11-05T03:20:46.075541 #5191]  INFO -- : Creating node for ogre-magi
I, [2013-11-05T03:20:46.584561 #5191]  INFO -- : Creating node for omniknight
I, [2013-11-05T03:20:47.078490 #5191]  INFO -- : Creating node for outworld-devourer
I, [2013-11-05T03:20:47.572886 #5191]  INFO -- : Creating node for phantom-assassin
I, [2013-11-05T03:20:48.097854 #5191]  INFO -- : Creating node for phantom-lancer
I, [2013-11-05T03:20:48.590966 #5191]  INFO -- : Creating node for puck
I, [2013-11-05T03:20:49.075786 #5191]  INFO -- : Creating node for pudge
I, [2013-11-05T03:20:49.589649 #5191]  INFO -- : Creating node for pugna
I, [2013-11-05T03:20:50.095136 #5191]  INFO -- : Creating node for queen-of-pain
I, [2013-11-05T03:20:50.584769 #5191]  INFO -- : Creating node for razor
I, [2013-11-05T03:20:51.094240 #5191]  INFO -- : Creating node for riki
I, [2013-11-05T03:20:51.583124 #5191]  INFO -- : Creating node for rubick
I, [2013-11-05T03:20:52.104511 #5191]  INFO -- : Creating node for sand-king
I, [2013-11-05T03:20:52.585234 #5191]  INFO -- : Creating node for shadow-demon
I, [2013-11-05T03:20:53.087867 #5191]  INFO -- : Creating node for shadow-fiend
I, [2013-11-05T03:20:53.592092 #5191]  INFO -- : Creating node for shadow-shaman
I, [2013-11-05T03:20:54.101867 #5191]  INFO -- : Creating node for silencer
I, [2013-11-05T03:20:54.585770 #5191]  INFO -- : Creating node for skeleton-king
I, [2013-11-05T03:20:55.072793 #5191]  INFO -- : Creating node for skywrath-mage
I, [2013-11-05T03:20:55.576955 #5191]  INFO -- : Creating node for slardar
I, [2013-11-05T03:20:56.082975 #5191]  INFO -- : Creating node for slark
I, [2013-11-05T03:20:56.571573 #5191]  INFO -- : Creating node for sniper
I, [2013-11-05T03:20:57.075332 #5191]  INFO -- : Creating node for spectre
I, [2013-11-05T03:20:57.585116 #5191]  INFO -- : Creating node for spirit-breaker
I, [2013-11-05T03:20:58.095812 #5191]  INFO -- : Creating node for storm-spirit
I, [2013-11-05T03:20:58.611077 #5191]  INFO -- : Creating node for sven
I, [2013-11-05T03:20:59.086495 #5191]  INFO -- : Creating node for templar-assassin
I, [2013-11-05T03:20:59.581983 #5191]  INFO -- : Creating node for tidehunter
I, [2013-11-05T03:21:00.082416 #5191]  INFO -- : Creating node for timbersaw
I, [2013-11-05T03:21:00.688678 #5191]  INFO -- : Creating node for tinker
I, [2013-11-05T03:21:01.073988 #5191]  INFO -- : Creating node for tiny
I, [2013-11-05T03:21:01.588442 #5191]  INFO -- : Creating node for treant-protector
I, [2013-11-05T03:21:02.076801 #5191]  INFO -- : Creating node for troll-warlord
I, [2013-11-05T03:21:02.580196 #5191]  INFO -- : Creating node for tusk
I, [2013-11-05T03:21:03.080675 #5191]  INFO -- : Creating node for undying
I, [2013-11-05T03:21:03.583397 #5191]  INFO -- : Creating node for ursa
I, [2013-11-05T03:21:08.838746 #5191]  INFO -- : Creating node for vengeful-spirit
I, [2013-11-05T03:21:09.307459 #5191]  INFO -- : Creating node for venomancer
I, [2013-11-05T03:21:09.820563 #5191]  INFO -- : Creating node for viper
I, [2013-11-05T03:21:10.304929 #5191]  INFO -- : Creating node for visage
I, [2013-11-05T03:21:10.792980 #5191]  INFO -- : Creating node for warlock
I, [2013-11-05T03:21:11.330866 #5191]  INFO -- : Creating node for weaver
I, [2013-11-05T03:21:11.825285 #5191]  INFO -- : Creating node for windrunner
I, [2013-11-05T03:21:12.331063 #5191]  INFO -- : Creating node for witch-doctor
I, [2013-11-05T03:21:12.834917 #5191]  INFO -- : Creating node for zeus
I, [2013-11-05T03:21:13.323527 #5191]  INFO -- : Creating relations for abaddon!
I, [2013-11-05T03:21:17.136039 #5191]  INFO -- : Creating relations for alchemist!
I, [2013-11-05T03:21:19.848722 #5191]  INFO -- : Creating relations for ancient-apparition!
I, [2013-11-05T03:21:21.844126 #5191]  INFO -- : Creating relations for anti-mage!
I, [2013-11-05T03:21:23.659140 #5191]  INFO -- : Creating relations for axe!
I, [2013-11-05T03:21:25.883545 #5191]  INFO -- : Creating relations for bane!
I, [2013-11-05T03:21:28.891160 #5191]  INFO -- : Creating relations for batrider!
I, [2013-11-05T03:21:31.190409 #5191]  INFO -- : Creating relations for beastmaster!
I, [2013-11-05T03:21:34.025387 #5191]  INFO -- : Creating relations for bloodseeker!
I, [2013-11-05T03:21:36.244227 #5191]  INFO -- : Creating relations for bounty-hunter!
I, [2013-11-05T03:21:37.745384 #5191]  INFO -- : Creating relations for brewmaster!
I, [2013-11-05T03:21:39.716366 #5191]  INFO -- : Creating relations for bristleback!
I, [2013-11-05T03:21:41.842916 #5191]  INFO -- : Creating relations for broodmother!
I, [2013-11-05T03:21:44.013952 #5191]  INFO -- : Creating relations for centaur-warrunner!
I, [2013-11-05T03:21:46.102652 #5191]  INFO -- : Creating relations for chaos-knight!
I, [2013-11-05T03:21:48.083450 #5191]  INFO -- : Creating relations for chen!
I, [2013-11-05T03:21:50.152104 #5191]  INFO -- : Creating relations for clinkz!
I, [2013-11-05T03:21:52.210130 #5191]  INFO -- : Creating relations for clockwerk!
I, [2013-11-05T03:21:54.382736 #5191]  INFO -- : Creating relations for crystal-maiden!
I, [2013-11-05T03:21:56.314280 #5191]  INFO -- : Creating relations for dark-seer!
I, [2013-11-05T03:21:57.690265 #5191]  INFO -- : Creating relations for dazzle!
I, [2013-11-05T03:22:00.475154 #5191]  INFO -- : Creating relations for death-prophet!
I, [2013-11-05T03:22:01.789567 #5191]  INFO -- : Creating relations for disruptor!
I, [2013-11-05T03:22:03.735734 #5191]  INFO -- : Creating relations for doom!
I, [2013-11-05T03:22:05.802505 #5191]  INFO -- : Creating relations for dragon-knight!
I, [2013-11-05T03:22:07.989696 #5191]  INFO -- : Creating relations for drow-ranger!
I, [2013-11-05T03:22:09.646929 #5191]  INFO -- : Creating relations for earthshaker!
I, [2013-11-05T03:22:11.510559 #5191]  INFO -- : Creating relations for elder-titan!
I, [2013-11-05T03:22:13.558575 #5191]  INFO -- : Creating relations for enchantress!
I, [2013-11-05T03:22:15.527626 #5191]  INFO -- : Creating relations for enigma!
I, [2013-11-05T03:22:17.580778 #5191]  INFO -- : Creating relations for faceless-void!
I, [2013-11-05T03:22:18.914113 #5191]  INFO -- : Creating relations for gyrocopter!
I, [2013-11-05T03:22:21.504750 #5191]  INFO -- : Creating relations for huskar!
I, [2013-11-05T03:22:23.366215 #5191]  INFO -- : Creating relations for invoker!
I, [2013-11-05T03:22:25.759047 #5191]  INFO -- : Creating relations for io!
I, [2013-11-05T03:22:27.638247 #5191]  INFO -- : Creating relations for jakiro!
I, [2013-11-05T03:22:29.532433 #5191]  INFO -- : Creating relations for juggernaut!
I, [2013-11-05T03:22:31.409765 #5191]  INFO -- : Creating relations for keeper-of-the-light!
I, [2013-11-05T03:22:33.482959 #5191]  INFO -- : Creating relations for kunkka!
I, [2013-11-05T03:22:35.456515 #5191]  INFO -- : Creating relations for leshrac!
I, [2013-11-05T03:22:37.289304 #5191]  INFO -- : Creating relations for lich!
I, [2013-11-05T03:22:39.132409 #5191]  INFO -- : Creating relations for lifestealer!
I, [2013-11-05T03:22:41.098164 #5191]  INFO -- : Creating relations for lina!
I, [2013-11-05T03:22:43.722447 #5191]  INFO -- : Creating relations for lion!
I, [2013-11-05T03:22:47.180012 #5191]  INFO -- : Creating relations for lone-druid!
I, [2013-11-05T03:22:48.610092 #5191]  INFO -- : Creating relations for luna!
I, [2013-11-05T03:22:50.490520 #5191]  INFO -- : Creating relations for lycanthrope!
I, [2013-11-05T03:22:52.640345 #5191]  INFO -- : Creating relations for magnus!
I, [2013-11-05T03:22:55.866748 #5191]  INFO -- : Creating relations for medusa!
I, [2013-11-05T03:22:57.845017 #5191]  INFO -- : Creating relations for meepo!
I, [2013-11-05T03:22:59.987827 #5191]  INFO -- : Creating relations for mirana!
I, [2013-11-05T03:23:01.945144 #5191]  INFO -- : Creating relations for morphling!
I, [2013-11-05T03:23:05.051639 #5191]  INFO -- : Creating relations for naga-siren!
I, [2013-11-05T03:23:06.474797 #5191]  INFO -- : Creating relations for natures-prophet!
I, [2013-11-05T03:23:07.882639 #5191]  INFO -- : Creating relations for necrolyte!
I, [2013-11-05T03:23:09.629754 #5191]  INFO -- : Creating relations for night-stalker!
I, [2013-11-05T03:23:11.122390 #5191]  INFO -- : Creating relations for nyx-assassin!
I, [2013-11-05T03:23:13.237849 #5191]  INFO -- : Creating relations for ogre-magi!
I, [2013-11-05T03:23:14.685907 #5191]  INFO -- : Creating relations for omniknight!
I, [2013-11-05T03:23:16.526922 #5191]  INFO -- : Creating relations for outworld-devourer!
I, [2013-11-05T03:23:17.737685 #5191]  INFO -- : Creating relations for phantom-assassin!
I, [2013-11-05T03:23:19.072798 #5191]  INFO -- : Creating relations for phantom-lancer!
I, [2013-11-05T03:23:20.170404 #5191]  INFO -- : Creating relations for puck!
I, [2013-11-05T03:23:21.857631 #5191]  INFO -- : Creating relations for pudge!
I, [2013-11-05T03:23:23.569761 #5191]  INFO -- : Creating relations for pugna!
I, [2013-11-05T03:23:25.130774 #5191]  INFO -- : Creating relations for queen-of-pain!
I, [2013-11-05T03:23:26.487944 #5191]  INFO -- : Creating relations for razor!
I, [2013-11-05T03:23:28.237789 #5191]  INFO -- : Creating relations for riki!
I, [2013-11-05T03:23:29.999427 #5191]  INFO -- : Creating relations for rubick!
I, [2013-11-05T03:23:31.750013 #5191]  INFO -- : Creating relations for sand-king!
I, [2013-11-05T03:23:32.903966 #5191]  INFO -- : Creating relations for shadow-demon!
I, [2013-11-05T03:23:34.023800 #5191]  INFO -- : Creating relations for shadow-fiend!
I, [2013-11-05T03:23:35.214180 #5191]  INFO -- : Creating relations for shadow-shaman!
I, [2013-11-05T03:23:37.407709 #5191]  INFO -- : Creating relations for silencer!
I, [2013-11-05T03:23:39.336959 #5191]  INFO -- : Creating relations for skeleton-king!
I, [2013-11-05T03:23:41.162756 #5191]  INFO -- : Creating relations for skywrath-mage!
I, [2013-11-05T03:23:42.333855 #5191]  INFO -- : Creating relations for slardar!
I, [2013-11-05T03:23:44.093116 #5191]  INFO -- : Creating relations for slark!
I, [2013-11-05T03:23:46.130341 #5191]  INFO -- : Creating relations for sniper!
I, [2013-11-05T03:23:47.996357 #5191]  INFO -- : Creating relations for spectre!
I, [2013-11-05T03:23:49.764443 #5191]  INFO -- : Creating relations for spirit-breaker!
I, [2013-11-05T03:23:50.932010 #5191]  INFO -- : Creating relations for storm-spirit!
I, [2013-11-05T03:23:52.145627 #5191]  INFO -- : Creating relations for sven!
I, [2013-11-05T03:23:54.499948 #5191]  INFO -- : Creating relations for templar-assassin!
I, [2013-11-05T03:23:55.667102 #5191]  INFO -- : Creating relations for tidehunter!
I, [2013-11-05T03:23:57.461897 #5191]  INFO -- : Creating relations for timbersaw!
I, [2013-11-05T03:23:59.265476 #5191]  INFO -- : Creating relations for tinker!
I, [2013-11-05T03:24:00.992859 #5191]  INFO -- : Creating relations for tiny!
I, [2013-11-05T03:24:02.676460 #5191]  INFO -- : Creating relations for treant-protector!
I, [2013-11-05T03:24:05.105563 #5191]  INFO -- : Creating relations for troll-warlord!
I, [2013-11-05T03:24:06.309480 #5191]  INFO -- : Creating relations for tusk!
I, [2013-11-05T03:24:08.696146 #5191]  INFO -- : Creating relations for undying!
I, [2013-11-05T03:24:10.801838 #5191]  INFO -- : Creating relations for ursa!
I, [2013-11-05T03:24:12.539522 #5191]  INFO -- : Creating relations for vengeful-spirit!
I, [2013-11-05T03:24:13.725736 #5191]  INFO -- : Creating relations for venomancer!
I, [2013-11-05T03:24:15.606256 #5191]  INFO -- : Creating relations for viper!
I, [2013-11-05T03:24:17.376774 #5191]  INFO -- : Creating relations for visage!
I, [2013-11-05T03:24:19.113229 #5191]  INFO -- : Creating relations for warlock!
I, [2013-11-05T03:24:20.824793 #5191]  INFO -- : Creating relations for weaver!
I, [2013-11-05T03:24:22.593875 #5191]  INFO -- : Creating relations for windrunner!
I, [2013-11-05T03:24:24.351181 #5191]  INFO -- : Creating relations for witch-doctor!
I, [2013-11-05T03:24:26.418062 #5191]  INFO -- : Creating relations for zeus!
I, [2013-11-05T03:24:28.096358 #5191]  INFO -- : Done creating relations!
sunapi386@XPS1645SSD:~/workspace/dotabuff-ripper/src$
